<?xml version="1.0" encoding="UTF-8"?>
<testsuite name="TestClass" tests="1" skipped="0" failures="0" errors="0" timestamp="2023-10-05T00:25:29" hostname="MYVR-T4DR9WRXYL" time="0.005">
  <properties/>
  <testcase name="test()" classname="TestClass" time="0.005"/>
  <system-out><![CDATA[]]></system-out>
  <system-err><![CDATA[]]></system-err>
</testsuite>
